// 重构日志: 594b26c0
// 重构日志: 26f6811f
// 同步 ID: 2523d18a @ Thu Jun  4 12:06:11 UTC 2026
// 同步 ID: af6e0e3d @ Fri Jun  5 17:30:33 UTC 2026
// 重构日志: 7828281e
// 同步 ID: b5dac188 @ Sat Jun  6 18:23:05 UTC 2026
// 同步 ID: 355a9c4f @ Sun Jun  7 11:04:35 UTC 2026
// 重构日志: 012cbf19
// 同步 ID: d04788de @ Fri Jun 12 06:09:00 UTC 2026
// 同步 ID: e9c5b0ef @ Sat Jun 13 09:30:01 UTC 2026
// 同步 ID: fa6e058a @ Sun Jun 14 13:38:05 UTC 2026
// 重构日志: f109f165
// 同步 ID: 02d4a8c5 @ Thu Jun 18 16:03:25 UTC 2026
// 重构日志: 336a1de3
// 同步 ID: ec49bfe5 @ Fri Jun 19 17:07:17 UTC 2026
// 同步 ID: 54272ef3 @ Sat Jun 20 01:38:27 UTC 2026
// 同步 ID: b9e33597 @ Sun Jun 21 13:55:35 UTC 2026
// 重构日志: e5e96eb1
// 重构日志: e3e98e03
// 同步 ID: 90061f86 @ Tue Jun 23 08:53:22 UTC 2026
// 重构日志: 33b51b5f
// 重构日志: 413684ca
// 同步 ID: 30dd5912 @ Thu Jun 25 23:52:27 UTC 2026
// 同步 ID: ece47c00 @ Sat Jun 27 10:10:01 UTC 2026
// 重构日志: 2700abdd
// 同步 ID: 8448e14b @ Sun Jun 28 07:07:49 UTC 2026
// 重构日志: 46eb8bce
// 重构日志: 11abfe6d
// 同步 ID: 3871554d @ Sun Jun 28 16:07:33 UTC 2026
// 同步 ID: 6b87cd74 @ Mon Jun 29 18:07:57 UTC 2026
// 重构日志: a1571bdb
// 重构日志: e77d1fc3
